<?xml version="1.0" encoding="UTF-8"?>
<testng-results ignored="0" total="2" passed="2" failed="0" skipped="0">
  <reporter-output>
  </reporter-output>
  <suite started-at="2022-10-28T15:38:55 IST" name="LambdaTestSuite" finished-at="2022-10-28T15:39:30 IST" duration-ms="35404">
    <groups>
    </groups>
    <test started-at="2022-10-28T15:38:55 IST" name="Chrome + 86.0 + Windows 10" finished-at="2022-10-28T15:39:22 IST" duration-ms="27314">
      <class name="test.seleniumAdv">
        <test-method is-config="true" signature="setUp(java.lang.String,java.lang.String,java.lang.String,java.lang.String)[pri:0, instance:test.seleniumAdv@659499f1]" started-at="2022-10-28T15:38:55 IST" name="setUp" finished-at="2022-10-28T15:39:05 IST" duration-ms="10202" status="PASS">
          <params>
            <param index="0">
              <value>
                <![CDATA[Chrome]]>
              </value>
            </param>
            <param index="1">
              <value>
                <![CDATA[86.0]]>
              </value>
            </param>
            <param index="2">
              <value>
                <![CDATA[Windows 10]]>
              </value>
            </param>
            <param index="3">
              <value>
                <![CDATA[https://www.lambdatest.com/]]>
              </value>
            </param>
          </params>
          <reporter-output>
          </reporter-output>
        </test-method> <!-- setUp -->
        <test-method signature="TestScenario(java.lang.String)[pri:0, instance:test.seleniumAdv@659499f1]" started-at="2022-10-28T15:39:05 IST" name="TestScenario" finished-at="2022-10-28T15:39:21 IST" duration-ms="16611" status="PASS">
          <params>
            <param index="0">
              <value>
                <![CDATA[Windows 10]]>
              </value>
            </param>
          </params>
          <reporter-output>
          </reporter-output>
        </test-method> <!-- TestScenario -->
        <test-method is-config="true" signature="afterTest()[pri:0, instance:test.seleniumAdv@659499f1]" started-at="2022-10-28T15:39:21 IST" name="afterTest" finished-at="2022-10-28T15:39:22 IST" duration-ms="421" status="PASS">
          <reporter-output>
          </reporter-output>
        </test-method> <!-- afterTest -->
      </class> <!-- test.seleniumAdv -->
    </test> <!-- Chrome + 86.0 + Windows 10 -->
    <test started-at="2022-10-28T15:38:55 IST" name="MicrosoftEdge + 87.0 + macOS Sierra" finished-at="2022-10-28T15:39:30 IST" duration-ms="35404">
      <class name="test.seleniumAdv">
        <test-method is-config="true" signature="setUp(java.lang.String,java.lang.String,java.lang.String,java.lang.String)[pri:0, instance:test.seleniumAdv@791f145a]" started-at="2022-10-28T15:38:55 IST" name="setUp" finished-at="2022-10-28T15:39:07 IST" duration-ms="11908" status="PASS">
          <params>
            <param index="0">
              <value>
                <![CDATA[MicrosoftEdge]]>
              </value>
            </param>
            <param index="1">
              <value>
                <![CDATA[87.0]]>
              </value>
            </param>
            <param index="2">
              <value>
                <![CDATA[macOS Sierra]]>
              </value>
            </param>
            <param index="3">
              <value>
                <![CDATA[https://www.lambdatest.com/]]>
              </value>
            </param>
          </params>
          <reporter-output>
          </reporter-output>
        </test-method> <!-- setUp -->
        <test-method signature="TestScenario(java.lang.String)[pri:0, instance:test.seleniumAdv@791f145a]" started-at="2022-10-28T15:39:07 IST" name="TestScenario" finished-at="2022-10-28T15:39:29 IST" duration-ms="22794" status="PASS">
          <params>
            <param index="0">
              <value>
                <![CDATA[macOS Sierra]]>
              </value>
            </param>
          </params>
          <reporter-output>
          </reporter-output>
        </test-method> <!-- TestScenario -->
        <test-method is-config="true" signature="afterTest()[pri:0, instance:test.seleniumAdv@791f145a]" started-at="2022-10-28T15:39:29 IST" name="afterTest" finished-at="2022-10-28T15:39:30 IST" duration-ms="687" status="PASS">
          <reporter-output>
          </reporter-output>
        </test-method> <!-- afterTest -->
      </class> <!-- test.seleniumAdv -->
    </test> <!-- MicrosoftEdge + 87.0 + macOS Sierra -->
  </suite> <!-- LambdaTestSuite -->
</testng-results>
